<?xml version="1.0" encoding="UTF-8"?>
<!-- Generated by org.testng.reporters.JUnitReportReporter -->
<testsuite skipped="0" hostname="lenovo-PC" name="com.get.qa.testcases.HomePageTest" tests="2" failures="0" timestamp="29 Aug 2018 19:22:48 GMT" time="67.336" errors="0">
  <testcase name="verifyDashboardTxtTest" time="25.017" classname="com.get.qa.testcases.HomePageTest"/>
  <testcase name="clickTokenManagerLinkTest" time="42.319" classname="com.get.qa.testcases.HomePageTest"/>
</testsuite> <!-- com.get.qa.testcases.HomePageTest -->
