<?xml version="1.0" encoding="UTF-8"?>
<!-- Generated by org.testng.reporters.JUnitReportReporter -->
<testsuite skipped="0" hostname="lenovo-PC" name="com.get.qa.testcases.LoginPageTest" tests="2" failures="0" timestamp="29 Aug 2018 19:22:48 GMT" time="38.310" errors="0">
  <testcase name="loginPageTitleTest" time="13.420" classname="com.get.qa.testcases.LoginPageTest"/>
  <testcase name="loginTest" time="24.890" classname="com.get.qa.testcases.LoginPageTest"/>
</testsuite> <!-- com.get.qa.testcases.LoginPageTest -->
