<?xml version="1.0" encoding="UTF-8"?>
<!-- Generated by org.testng.reporters.JUnitReportReporter -->
<testsuite skipped="0" hostname="lenovo-PC" name="com.get.qa.testcases.HomePageTest" tests="2" failures="0" timestamp="26 Aug 2018 12:51:21 GMT" time="60.804" errors="0">
  <testcase name="verifyDashboardTxtTest" time="23.548" classname="com.get.qa.testcases.HomePageTest"/>
  <testcase name="clickTokenManagerLinkTest" time="37.256" classname="com.get.qa.testcases.HomePageTest"/>
</testsuite> <!-- com.get.qa.testcases.HomePageTest -->
