<?xml version="1.0" encoding="UTF-8"?>
<!-- Generated by org.testng.reporters.JUnitReportReporter -->
<testsuite skipped="0" hostname="lenovo-PC" name="com.get.qa.testcases.LoginPageTest" tests="2" failures="0" timestamp="26 Aug 2018 12:51:21 GMT" time="34.669" errors="0">
  <testcase name="loginPageTitleTest" time="8.820" classname="com.get.qa.testcases.LoginPageTest"/>
  <testcase name="loginTest" time="25.849" classname="com.get.qa.testcases.LoginPageTest"/>
</testsuite> <!-- com.get.qa.testcases.LoginPageTest -->
