<?xml version="1.0" encoding="UTF-8"?>
<!-- Generated by org.testng.reporters.JUnitReportReporter -->
<testsuite skipped="0" hostname="lenovo-PC" name="com.get.qa.testcases.TokenManagerPageTest" tests="5" failures="0" timestamp="26 Aug 2018 12:51:21 GMT" time="207.983" errors="0">
  <testcase name="verifyTokenManagerPageTest" time="33.020" classname="com.get.qa.testcases.TokenManagerPageTest"/>
  <testcase name="requestCardTokenTest" time="43.487" classname="com.get.qa.testcases.TokenManagerPageTest"/>
  <testcase name="requestCardTokenTest" time="46.334" classname="com.get.qa.testcases.TokenManagerPageTest"/>
  <testcase name="requestCheckTokenTest" time="38.578" classname="com.get.qa.testcases.TokenManagerPageTest"/>
  <testcase name="requestCheckTokenTest" time="46.564" classname="com.get.qa.testcases.TokenManagerPageTest"/>
</testsuite> <!-- com.get.qa.testcases.TokenManagerPageTest -->
